Started by upstream project "[8mha:////4MtQx5Wtn7cnhBF6yTgyjbRqJxvieF5T8ersvC1rMe6xAAAAoB+LCAAAAAAAAP9b85aBtbiIQTGjNKU4P08vOT+vOD8nVc83PyU1x6OyILUoJzMv2y+/JJUBAhiZGBgqihhk0NSjKDWzXb3RdlLBUSYGJk8GtpzUvPSSDB8G5tKinBIGIZ+sxLJE/ZzEvHT94JKizLx0a6BxUmjGOUNodHsLgAy+EgYR/az8JP0gR3fdgKLUlMzkksz8PH0AuQOrSMkAAAA=[0mRAG-Prediction" build number [8mha:////4PaIBqfhHasGxuIfJQpdB6xIlYKT3cX2tqP8gWswgP1mAAAAoh+LCAAAAAAAAP9b85aBtbiIQTGjNKU4P08vOT+vOD8nVc83PyU1x6OyILUoJzMv2y+/JJUBAhiZGBgqihhk0NSjKDWzXb3RdlLBUSYGJk8GtpzUvPSSDB8G5tKinBIGIZ+sxLJE/ZzEvHT94JKizLx0a6BxUmjGOUNodHsLgAymEgYx/az8JP0gR3fdgKLUlMzkksz8PH1jAwAII06tywAAAA==[0m30
originally caused by:
 Started by user [8mha:////4LaUcnswTE1XEaJRVzZqoqL4OKA9gv7lTQlb6cFOMK+JAAAAlx+LCAAAAAAAAP9b85aBtbiIQTGjNKU4P08vOT+vOD8nVc83PyU1x6OyILUoJzMv2y+/JJUBAhiZGBgqihhk0NSjKDWzXb3RdlLBUSYGJk8GtpzUvPSSDB8G5tKinBIGIZ+sxLJE/ZzEvHT94JKizLx0a6BxUmjGOUNodHsLgAzWEgZu/dLi1CL91MxkXUMA/DQpT8AAAAA=[0mEIC-1
[8mha:////4Nh8de3M/GObdUmm3L6PjoI3s5+77W+XwKM4oFZFsgRQAAAAoh+LCAAAAAAAAP9tjTEOwjAQBM8BClpKHuFItIiK1krDC0x8GCfWnbEdkooX8TX+gCESFVvtrLSa5wtWKcKBo5UdUu8otU4GP9jS5Mixv3geZcdn2TIl9igbHBs2eJyx4YwwR1SwULBGaj0nRzbDRnX6rmuvydanHMu2V1A5c4MHCFXMWcf8hSnC9jqYxPTz/BXAFEIGsfuclm8zQVqFvQAAAA==[0m[Pipeline] Start of Pipeline
[8mha:////4MCLehRLoArR54UG76p2r7NI7S5z4aCsJCRRl1cZhiQBAAAApR+LCAAAAAAAAP9tjTEOwjAUQ3+KOrAycohUghExsUZZOEFIQkgb/d8mKe3EibgadyBQiQlLlmxL1nu+oE4RjhQdby12HpP2vA+jK4lPFLtroIm3dOGaMFGwXNpJkrGnpUrKFhaxClYC1hZ1oOTRZdiIVt1VExS65pxj2Q4CKm8GeAAThZxVzN8yR9jeRpMIf5y/AJj7DGxXvP/86jduZBmjwAAAAA==[0m[Pipeline] node
Running on [8mha:////4HT6pk2L+qdiMjsG09Ad3jxn5DcuekcDUh2jkQW+ZJOsAAAAoR+LCAAAAAAAAP9b85aBtbiIQTGjNKU4P08vOT+vOD8nVc83PyU1x6OyILUoJzMv2y+/JJUBAhiZGBgqihhk0NSjKDWzXb3RdlLBUSYGJk8GtpzUvPSSDB8G5tKinBIGIZ+sxLJE/ZzEvHT94JKizLx0a6BxUmjGOUNodHsLgAz2EgZR/eT83ILSktQifY2k0sycEt3MPE19AHHxbH3KAAAA[0mJenkins in /var/lib/jenkins/workspace/Yocto-Build-Pipeline
[8mha:////4JvFtIBihAkZbyW+QLlxPCYIu87P4qOvHSQXfG5XpaVuAAAApR+LCAAAAAAAAP9tjTEOwjAUQ3+KOrAycoh0gA0xsUZZOEFIQkgb/d8mKe3EibgadyBQiQlLlmxL1nu+oE4RjhQdby12HpP2vA+jK4lPFLtroIm3dOGaMFGwXNpJkrGnpUrKFhaxClYC1hZ1oOTRZdiIVt1VExS65pxj2Q4CKm8GeAAThZxVzN8yR9jeRpMIf5y/AJj7DGxXvP/86jfoP95RwAAAAA==[0m[Pipeline] {
[8mha:////4L7Vlea20RcUY/2jdCczH28+t7LQi7Qd11mE3Wg+8qkcAAAApR+LCAAAAAAAAP9tjTEOwjAUQ3+KOrAycoh0gQkxsUZZOEFIQkgb/d8mKe3EibgadyBQiQlLlmxL1nu+oE4RjhQdby12HpP2vA+jK4lPFLtroIm3dOGaMFGwXNpJkrGnpUrKFhaxClYC1hZ1oOTRZdiIVt1VExS65pxj2Q4CKm8GeAAThZxVzN8yR9jeRpMIf5y/AJj7DGxXvP/86jc09154wAAAAA==[0m[Pipeline] withEnv
[8mha:////4GuFn4zDei/R1iL5z+7V/LTin9viCYPVvDXwIE6DB1apAAAApR+LCAAAAAAAAP9tjTEOwjAUQ3+KOrAycoh0ggUxsUZZOEFIQkgb/d8mKe3EibgadyBQiQlLlmxL1nu+oE4RjhQdby12HpP2vA+jK4lPFLtroIm3dOGaMFGwXNpJkrGnpUrKFhaxClYC1hZ1oOTRZdiIVt1VExS65pxj2Q4CKm8GeAAThZxVzN8yR9jeRpMIf5y/AJj7DGxXvP/86jek7ggRwAAAAA==[0m[Pipeline] {
[8mha:////4BGmo61OktM+KNGQJ86Y+YMDsvFVZsEm+WXmK8+4hKbVAAAApR+LCAAAAAAAAP9tjTEOwjAUQ3+KOrAycoh0gwExsUZZOEFIQkgb/d8mKe3EibgadyBQiQlLlmxL1nu+oE4RjhQdby12HpP2vA+jK4lPFLtroIm3dOGaMFGwXNpJkrGnpUrKFhaxClYC1hZ1oOTRZdiIVt1VExS65pxj2Q4CKm8GeAAThZxVzN8yR9jeRpMIf5y/AJj7DGxXvP/86jcChmMxwAAAAA==[0m[Pipeline] timeout
Timeout set to expire in 6 hr 0 min
[8mha:////4EeOiFwtgHfRDtSIrxsMycbYi/hf5UkhFM9t14RqZJH5AAAApR+LCAAAAAAAAP9tjTEOwjAUQ3+KOrAycoh0BAkxsUZZOEFIQkgb/d8mKe3EibgadyBQiQlLlmxL1nu+oE4RjhQdby12HpP2vA+jK4lPFLtroIm3dOGaMFGwXNpJkrGnpUrKFhaxClYC1hZ1oOTRZdiIVt1VExS65pxj2Q4CKm8GeAAThZxVzN8yR9jeRpMIf5y/AJj7DGxXvP/86jfpX/cvwAAAAA==[0m[Pipeline] {
[8mha:////4AkyF7Q5SyjiSV8z3+HtqQmWHRDQfutaykrs9Kgndt/cAAAApR+LCAAAAAAAAP9tjTEOwjAUQ3+KOrAycoh0BSEm1igLJwhJCGmj/9skpZ04EVfjDgQqMWHJkm3Jes8X1CnCkaLjrcXOY9Ke92F0JfGJYncNNPGWLlwTJgqWSztJMva0VEnZwiJWwUrA2qIOlDy6DBvRqrtqgkLXnHMs20FA5c0AD2CikLOK+VvmCNvbaBLhj/MXAHOfge2K959f/QbB16AVwAAAAA==[0m[Pipeline] stage
[8mha:////4FrVHBCJl6p/YGwEvnZQ0QOfYnw4pGAGlBEdMNH0GvniAAAAph+LCAAAAAAAAP9tjTEOwjAQBM9BKWgpeYQDJUJUtJYbXmBiY5xYd8G+kFS8iK/xBwKRqNhqZ6XVPF9Q5gQHSl42DtuAuQ6yi72fmhwotZdIg2zoLGvCTNFJ7QZN1h1n1MQO5ogCFgqWDutIOaBnWKnG3E0VDfrqxGna9gqKYG/wAKEmM5vEXxgTrK+9zYQ/z18BjB2D2DEU283nWL4Bsam+msEAAAA=[0m[Pipeline] { (Clone Repositories)
[8mha:////4C2ICi2GMo8mPWwZHU8PhAjpvVA/JFe5brtmb4kHzLZrAAAApR+LCAAAAAAAAP9tjTEOwjAUQ3+DOrAycoiUzoiJNerCCUITQtLo/zZJSSdOxNW4Ay2VmPBg2Zas93pDGQOcKBjuNHYWY2t570czJ54pdDdPmTu68pYwkte80bkhpc9rbShpWFUw2AjYamw9RYsmwU44+ZCVl2iqSwrzdhTArBrgCYWYyUmG9C1TgP19VJHwx/kLgKlPwOrDYvXyLD8BobDcwgAAAA==[0m[Pipeline] script
[8mha:////4L8A9JUfgkUkoPDf57CCXHBL1Q+uU5r14CdCMwdrRt/EAAAAph+LCAAAAAAAAP9tjTEOwjAUQ3+LOrAycohUZUVMrFEWThCaEJJG/7dJSjpxIq7GHWipxIQHy7ZkvdcbqhjgRMEwp7GzGFvLej+aObFMobt5yszRlbWEkbxmQmdBSp/XKihpWFWUsOGw1dh6ihZNgh138iFrL9HUlxTm7cihtGqAJxR8JicZ0rdMAfb3UUXCH+cvAKY+Qdk0ix2WZ/UBbwyqm8IAAAA=[0m[Pipeline] {
[8mha:////4DjNTfthieHfO7dB04a8z6FX71gmjeihqs+CqpJAu7RLAAAAox+LCAAAAAAAAP9tjTEOwjAQBC9BFLSUPOIioERUaS03vMDExjix7oztkFS8iK/xBwKRqNhitbPNPF+wTBGOHC22hjpHqXEYfG+nhQPH7uJ5wJbP2DAl9galGSRrU88oORuYU5SwELAy1HhOjmyGtWjVXVVeka1OOU7fQUDp9A0eUIjJnFXMXxgjbK69Tkw/z18BjCFDud19ah/eeSmYHb4AAAA=[0m[Pipeline] echo
Cloning Poky repository...
[8mha:////4JIAPFRZti8+qMWegeCmA44zDMK8cnfY9vBtSbmprEqTAAAApx+LCAAAAAAAAP9tjTEOwjAUQ3+LOrAycohUIDbE1DXKwglCE0La6P/yk9JOnIircQdaKjHhwbItWe/1hiIynIidaCy2HmPtRRd6NyUxELfXQINo6CJqwkjBCmUHRcZWS1WULCzKclhJWFusA0WPLsFGNvqhy6DRlefE03aUkHtzhydkciInzelbRobtrTeR8Mf5C4CxS5Dv9rMd5mfxAXOJEdTCAAAA[0m[Pipeline] dir
Running in /yocto-builds/poky
[8mha:////4AIkCBSbLQ09Rp7ScqiKjXOrXBwhsc59G0gA744NyUOZAAAApx+LCAAAAAAAAP9tjTEOwjAUQ3+LOrAycohUSDAhpq5RFk4QmhDSRv+Xn5R24kRcjTvQUokJD5ZtyXqvNxSR4UTsRGOx9RhrL7rQuymJgbi9BhpEQxdRE0YKVig7KDK2WqqiZGFRlsNKwtpiHSh6dAk2stEPXQaNrjwnnrajhNybOzwhkxM5aU7fMjJsb72JhD/OXwCMXYJ8t5/tMD+LD5WQ+PfCAAAA[0m[Pipeline] {
[8mha:////4AZI/dNm177e1vtGBaq+bocpD3nJnx3bXSqONRHURQxgAAAApB+LCAAAAAAAAP9tjTEOwjAQBC9BFLSUPOIiCmgQVVrLDS8wsTFOrDtjOyQVL+Jr/IFAJCq2WO1sM88XLFOEI0eLraHOUWocBt/baeHAsbt4HrDlMzZMib1BaQbJ2tQzSs4G5hQlLASsDDWekyObYS1adVeVV2SrU47TdxBQOn2DBxRiMmcV8xfGCJtrrxPTz/NXAGPIUG53n9qHN7LjSKW+AAAA[0m[Pipeline] git
The recommended git tool is: NONE
No credentials specified
 > git rev-parse --resolve-git-dir /yocto-builds/poky/.git # timeout=10
Fetching changes from the remote Git repository
ERROR: Checkout failed
java.nio.file.AccessDeniedException: /yocto-builds/poky/.git/config.lock
	at java.base/sun.nio.fs.UnixException.translateToIOException(UnixException.java:90)
	at java.base/sun.nio.fs.UnixException.rethrowAsIOException(UnixException.java:106)
	at java.base/sun.nio.fs.UnixException.rethrowAsIOException(UnixException.java:111)
	at java.base/sun.nio.fs.UnixFileSystemProvider.newByteChannel(UnixFileSystemProvider.java:261)
	at java.base/java.nio.file.Files.newByteChannel(Files.java:380)
	at java.base/java.nio.file.Files.createFile(Files.java:658)
	at PluginClassLoader for git-client//org.eclipse.jgit.util.FS_POSIX.createNewFileAtomic(FS_POSIX.java:375)
	at PluginClassLoader for git-client//org.eclipse.jgit.internal.storage.file.LockFile.createLockFile(LockFile.java:173)
	at PluginClassLoader for git-client//org.eclipse.jgit.internal.storage.file.LockFile.createLockFileWithRetry(LockFile.java:165)
	at PluginClassLoader for git-client//org.eclipse.jgit.internal.storage.file.LockFile.lock(LockFile.java:146)
	at PluginClassLoader for git-client//org.eclipse.jgit.storage.file.FileBasedConfig.save(FileBasedConfig.java:201)
	at PluginClassLoader for git//jenkins.plugins.git.DisableHooks.invoke(DisableHooks.java:27)
	at PluginClassLoader for git-client//org.jenkinsci.plugins.gitclient.AbstractGitAPIImpl.withRepository(AbstractGitAPIImpl.java:31)
	at PluginClassLoader for git-client//org.jenkinsci.plugins.gitclient.CliGitAPIImpl.withRepository(CliGitAPIImpl.java:86)
	at PluginClassLoader for git//jenkins.plugins.git.GitHooksConfiguration.configure(GitHooksConfiguration.java:104)
	at PluginClassLoader for git//jenkins.plugins.git.GitHooksConfiguration.configure(GitHooksConfiguration.java:91)
	at PluginClassLoader for git//jenkins.plugins.git.GitHooksConfiguration.configure(GitHooksConfiguration.java:83)
	at PluginClassLoader for git//hudson.plugins.git.GitSCM.retrieveChanges(GitSCM.java:1232)
	at PluginClassLoader for git//hudson.plugins.git.GitSCM._checkout(GitSCM.java:1311)
	at PluginClassLoader for git//hudson.plugins.git.GitSCM.checkout(GitSCM.java:1278)
	at PluginClassLoader for workflow-scm-step//org.jenkinsci.plugins.workflow.steps.scm.SCMStep.checkout(SCMStep.java:136)
	at PluginClassLoader for workflow-scm-step//org.jenkinsci.plugins.workflow.steps.scm.SCMStep$StepExecutionImpl.run(SCMStep.java:101)
	at PluginClassLoader for workflow-scm-step//org.jenkinsci.plugins.workflow.steps.scm.SCMStep$StepExecutionImpl.run(SCMStep.java:88)
	at PluginClassLoader for workflow-step-api//org.jenkinsci.plugins.workflow.steps.SynchronousNonBlockingStepExecution.lambda$start$0(SynchronousNonBlockingStepExecution.java:49)
	at java.base/java.util.concurrent.Executors$RunnableAdapter.call(Executors.java:572)
	at java.base/java.util.concurrent.FutureTask.run(FutureTask.java:317)
	at java.base/java.util.concurrent.ThreadPoolExecutor.runWorker(ThreadPoolExecutor.java:1144)
	at java.base/java.util.concurrent.ThreadPoolExecutor$Worker.run(ThreadPoolExecutor.java:642)
	at java.base/java.lang.Thread.run(Thread.java:1583)
ERROR: Maximum checkout retry attempts reached, aborting
[8mha:////4Hp5mTA4kR/g7iwKdzPPBGagp5N5Lhfo3AgZxactQ5odAAAApR+LCAAAAAAAAP9tjTEOwjAQBC9BFLSUPOIiCkSBqNJabniBiY1xYt0Z2yGpeBFf4w8EIlGxxWpnm3m+YJkiHDlabA11jlLjMPjeTgsHjt3F84Atn7FhSuwNSjNI1qaeUXI2MKcoYSFgZajxnBzZDGvRqruqvCJbnXKcvoOA0ukbPKAQkzmrmL8wRthce52Yfp6/AhhDyFBu95/avQGOY4V7vgAAAA==[0m[Pipeline] }
[8mha:////4EEkzKX0D2fhInr3BDdR61wIjSwVRNnVqVr5L1DLr9Y7AAAApR+LCAAAAAAAAP9tjTEOwjAQBC9BFLSUPOIiJAokRJXWcsMLTGyME+vO2A5JxYv4Gn8gEImKLVY728zzBcsU4cjRYmuoc5Qah8H3dlo4cOwungds+YwNU2JvUJpBsjb1jJKzgTlFCQsBK0ON5+TIZliLVt1V5RXZ6pTj9B0ElE7f4AGFmMxZxfyFMcLm2uvE9PP8FcAYQoZyu//U7g3N4dT9vgAAAA==[0m[Pipeline] // dir
[8mha:////4LkksZw13jHzb1RBKitHynUDRrVdmXWeolObYKsIjPDKAAAApB+LCAAAAAAAAP9tjTEOwjAQBC9BFLSUPOIi6BCiSmu54QUmNsaJdWdsh6TiRXyNPxCIRMUWq51t5vmCZYpw5GixNdQ5So3D4Hs7LRw4dhfPA7Z8xoYpsTcozSBZm3pGydnAnKKEhYCVocZzcmQzrEWr7qryimx1ynH6DgJKp2/wgEJM5qxi/sIYYXPtdWL6ef4KYAwhQ7ndf2r3Bl2X69++AAAA[0m[Pipeline] }
[8mha:////4IT3DMNzQPePwYWBbflKWZLRwkM60b80oB4RMNn8srRaAAAApB+LCAAAAAAAAP9tjTEOwjAQBC9BFLSUPMIhtIgqrZWGF5j4ME6sO2M7JBUv4mv8AYtIVGyx2tlmXm9YxwAnDkb0SIOl2Fnh3WjyEhOH4ep4Ej1fRMcU2aFocWpZY7NgywlhSVHCSsIGqXMcLZkEW9mrh6qcIlOdU8jfUUJp9R2eUMhsTiqkL8wBdrdRR6af568AZu8TlId9rrr+ALKNBVC+AAAA[0m[Pipeline] // script
[8mha:////4ADNr2FPtG65TFBFHV64e+6pkp18rrJlN75oWJuLXzhrAAAApB+LCAAAAAAAAP9tjTEOwjAQBC9BFLSUPMIhtIgqrZWGF5j4ME6sO2M7JBUv4mv8AYtIVGyx2tlmXm9YxwAnDkb0SIOl2Fnh3WjyEhOH4ep4Ej1fRMcU2aFocWpZY7NgywlhSVHCSsIGqXMcLZkEW9mrh6qcIlOdU8jfUUJp9R2eUMhsTiqkL8wBdrdRR6af568AZu8TlIc6V73/AIFuXuy+AAAA[0m[Pipeline] }
[8mha:////4BsTM9/w/0d7hYJaocB0Owrp1TtDDByRJccxYFeLQ9LqAAAAox+LCAAAAAAAAP9tjbEOgjAURS8YB1dHP6IkbMY4uTYsfkGFWgvNe9g+hMkv8tf8B4kkTt7pnrOc1xvrFHHk6FRrqfOUaq/6MLj5qZFjdw08qpYvqmZKHKyq7FhxY08LViwWy7IcK42NpTpw8uQEW92ahymCIVecJc7uoJH75o4nMj2XxUT5whSxuw1NYvp1/gYw9b0gL0tBtv8A9nagUL0AAAA=[0m[Pipeline] // stage
[8mha:////4PtrnMefC4e0rrWXFtfmo+6USRaOLvD/95lElWZ6y6eRAAAApx+LCAAAAAAAAP9tjTEOwjAQBM9BKWgpeYQjQYOEqGgtN7zAxMY4se6CfSGpeBFf4w8EIlGx1c5Kq3m+oMwJDpS8bBy2AXMdZBd7PzU5UGovkQbZ0FnWhJmik9oNmqw7zqiJHcwRBSwULB3WkXJAz7BSjbmbKhr01YnTtO0VFMHe4AFCTWY2ib8wJlhfe5sJf56/Ahg7BrFjKDbbz7F8A0IeTOzBAAAA[0m[Pipeline] stage
[8mha:////4Fe7gX2mKem+HXT03gREfgKmqFMBdwpq/dTxM3glKTIIAAAApx+LCAAAAAAAAP9tjTEOwjAUQ3+LOrAycohUAjbE1DXKwglCE0La6P/yk9JOnIircQdaKjHhwbItWe/1hiIynIidaCy2HmPtRRd6NyUxELfXQINo6CJqwkjBCmUHRcZWS1WULCzKclhJWFusA0WPLsFGNvqhy6DRlefE03aUkHtzhydkciInzelbRobtrTeR8Mf5C4CxS5Dv9rMd5mfxAd6e6VPCAAAA[0m[Pipeline] { (Prepare Yocto Workspace)
Stage "Prepare Yocto Workspace" skipped due to earlier failure(s)
[8mha:////4Lbcj53lCafB6PbaAKZnAK/CCWbhkNEORKz6C/IcuvczAAAApB+LCAAAAAAAAP9tjTEOwjAQBC9BFLSUPOIiIagQVVrLDS8wsTFOrDtjOyQVL+Jr/IFAJCq2WO1sM88XLFOEI0eLraHOUWocBt/baeHAsbt4HrDlMzZMib1BaQbJ2tQzSs4G5hQlLASsDDWekyObYS1adVeVV2SrU47TdxBQOn2DBxRiMmcV8xfGCJtrrxPTz/NXAGPIUG53n9qHN38C26S+AAAA[0m[Pipeline] getContext
[8mha:////4PV7LwVvBmro46EfITCMNnhjuhGEZ2JquDeXbnlPDSyvAAAApR+LCAAAAAAAAP9tjTEOwjAQBC9BFLSUPOIiIUSDqNJabniBiY1xYt0Z2yGpeBFf4w8EIlGxxWpnm3m+YJkiHDlabA11jlLjMPjeTgsHjt3F84Atn7FhSuwNSjNI1qaeUXI2MKcoYSFgZajxnBzZDGvRqruqvCJbnXKcvoOA0ukbPKAQkzmrmL8wRthce52Yfp6/AhhDyFBu95/avQHjyRvdvgAAAA==[0m[Pipeline] }
[8mha:////4NTrJ4Zyu9SSGc804+3M8dUF381z3vfnbilH9k9si0RYAAAApR+LCAAAAAAAAP9tjTEOwjAQBC9BFLSUPOIiQUGBqNJabniBiY1xYt0Z2yGpeBFf4w8EIlGxxWpnm3m+YJkiHDlabA11jlLjMPjeTgsHjt3F84Atn7FhSuwNSjNI1qaeUXI2MKcoYSFgZajxnBzZDGvRqruqvCJbnXKcvoOA0ukbPKAQkzmrmL8wRthce52Yfp6/AhhDyFBu95/avQHljyOIvgAAAA==[0m[Pipeline] // stage
[8mha:////4H0yTHwW6lukTY4RCpYZUtFjVzTe46bjAk+sYJgpwRmYAAAAph+LCAAAAAAAAP9tjTEOwjAQBM9BKWgpeYQjUUVCVLSWG15gEmOcWHfBvpBUvIiv8QcMkajYamel1TxfUKYIB4pOdhZ7j6nxcgijy01OFPtLoEl2dJYNYaJgpbaTptYeF9TEFpaIAlYK1habQMmjY9ioztxNFQy66sQxb3sFhW9v8AChsplN5C/MEbbXsU2EP89fAcwDg6gZil39OZZvge6LhsEAAAA=[0m[Pipeline] stage
[8mha:////4KGOvOxdiPfIMYI8eHIOTyC91I4oakYf2ei0e/DTYMQGAAAApx+LCAAAAAAAAP9tjTEOwjAUQ3+LOrAycohUYgIhpq5RFk4QmhDSRv+Xn5R24kRcjTvQUokJD5ZtyXqvNxSR4UTsRGOx9RhrL7rQuymJgbi9BhpEQxdRE0YKVig7KDK2WqqiZGFRlsNKwtpiHSh6dAk2stEPXQaNrjwnnrajhNybOzwhkxM5aU7fMjJsb72JhD/OXwCMXYJ8t5/tMD+LD0QKVszCAAAA[0m[Pipeline] { (Configure Build Environment)
Stage "Configure Build Environment" skipped due to earlier failure(s)
[8mha:////4I1upOzlPrRbBPDfLmbzFq4Iyw6niWL4Y2nGFp7TA3g5AAAApR+LCAAAAAAAAP9tjTEOwjAQBC9BFLSUPOKCoEIoFa3lhheYxBgn1l2wHZyKF/E1/oBFJCq2WO1sM683LIOHmr3BTlNvKTQWBzeavDCx76+OE3Z8wYYpsNModZLc6tOMkqOGOUUJCwErTY3jYMlEWItOPVTlFJnqHH3+jgJK297hCYXI5qh8/MLkYXMb28D08/wVwDREKHeHXPvt8AHN/bm5vgAAAA==[0m[Pipeline] getContext
[8mha:////4CunmAYz4JF3DSEEKtaUYP3ApGfkLP2YjY9qvWu8d32YAAAApR+LCAAAAAAAAP9tjTEOwjAQBC9BFLSUPOIioEIoFa3lhheYxBgn1l2wHZyKF/E1/oBFJCq2WO1sM683LIOHmr3BTlNvKTQWBzeavDCx76+OE3Z8wYYpsNModZLc6tOMkqOGOUUJCwErTY3jYMlEWItOPVTlFJnqHH3+jgJK297hCYXI5qh8/MLkYXMb28D08/wVwDQMEcr9Ntfu8AFSjtgYvgAAAA==[0m[Pipeline] }
[8mha:////4Eli0zUTTPA1L1zz/lfy2DEK9gXma32pTfd0N0Zssa5rAAAApR+LCAAAAAAAAP9tjTEOwjAQBC9BFLSUPOIihQYJUaW10vACExvjxLoztkNS8SK+xh+wiETFFqudbeb1hnUMcOJgsNc0WIqdRe9GkxdOHIar4wl7vmDHFNlpbPXUstLNgi0nDUuKElYCNpo6x9GSSbAVvXzIykky1TmF/B0FlFbd4QmFyOYkQ/rCHGB3G1Vk+nn+CmD2PkG5r3PVhw9qzEvpvgAAAA==[0m[Pipeline] // stage
[8mha:////4NpX7sjqGawENeOn65tyeR7U3v/gwi/n57hNE8hyuw5vAAAAph+LCAAAAAAAAP9tjTEOwjAQBC9BKWgpeYRTpEFCVLSWG15gYmOcWHfBvpBUvIiv8QcMkajYamel1TxfUKUIB4pOdBZ7j6n1Ygijy01MFPtLoEl0dBYtYaJghbKTImOPCypiC0uKElYS1hbbQMmjY9jITt91HTS6+sQxb3sJpTc3eEAhs5l15C/MEbbX0STCn+evAOaBodgxlE3zOVZv9hU7SsEAAAA=[0m[Pipeline] stage
[8mha:////4Ee3b+JFYQmEYjuF3p7KpsDWOa5w2zmBCmauVG1kcw6IAAAAph+LCAAAAAAAAP9tjTEOwjAUQ3+LOrAycoh0KBtiYo2ycILQhJA0+r9NUtKJE3E17kBLJSY8WLYl673eUMUAJwqGOY2dxdha1vvRzIllCt3NU2aOrqwljOQ1EzoLUvq8VkFJw6qihA2HrcbWU7RoEuy4kw9Ze4mmvqQwb0cOpVUDPKHgMznJkL5lCrC/jyoS/jh/ATD1CcqmWeywPKsPBdk7bsIAAAA=[0m[Pipeline] { (Build Yocto Image)
Stage "Build Yocto Image" skipped due to earlier failure(s)
[8mha:////4Gz5eTW9LbLA/V/XX4KFLFdz5612oTxoCmKYyPHGKcIKAAAApB+LCAAAAAAAAP9tjTEOwjAQBC9BFLSUPOJSABWiSmu54QUmNsaJdWdsh6TiRXyNPxCIRMUWq51t5vmCZYpw5GixNdQ5So3D4Hs7LRw4dhfPA7Z8xoYpsTcozSBZm3pGydnAnKKEhYCVocZzcmQzrEWr7qryimx1ynH6DgJKp2/wgEJM5qxi/sIYYXPtdWL6ef4KYAwZyu3uU/vwBtZos2m+AAAA[0m[Pipeline] getContext
[8mha:////4G+xyjdIeqeIcLrvTCjrIeE7KM3UEbkAqUUNn9f2xXHLAAAApB+LCAAAAAAAAP9tjTEOwjAQBC9BFLSUPOJSgGgQVVrLDS8wsTFOrDtjOyQVL+Jr/IFAJCq2WO1sM88XLFOEI0eLraHOUWocBt/baeHAsbt4HrDlMzZMib1BaQbJ2tQzSs4G5hQlLASsDDWekyObYS1adVeVV2SrU47TdxBQOn2DBxRiMmcV8xfGCJtrrxPTz/NXAGMIGcrt/lO7Nxbzd2K+AAAA[0m[Pipeline] }
[8mha:////4DL+DGJbbVsR5SN+ABIe7koD33JHY1YrDlQlKallRQXzAAAApB+LCAAAAAAAAP9tjTESwiAURH/iWNhaeghSpLBwrGwZGk+ACSKE+Z8AkVSeyKt5B9HMWLnFzr5t3vMF6xjgSEEzq3AwGDvDvJt0WSxTGK6OMrN0YR1hJKeYUFlQr04LCkoKllQ1rDhsFHaOokGdYMutvMvGSdTNOYXyHTjUph/hARUv5iRD+sIcYHeb+kj48/wVwOx9grrdf6p9AxC1Tze+AAAA[0m[Pipeline] // stage
[8mha:////4FMAy5+KOlaaWMQSECEn6Bcpoc4+Wrj1C6ZFEk4kHYmTAAAAph+LCAAAAAAAAP9tjTEOwjAQBM9BKWgpeYRT0ERCVLSWG15gEmOcWHfBvpBUvIiv8QcMkajYamel1TxfUKYIB4pOdhZ7j6nxcgijy01OFPtLoEl2dJYNYaJgpbaTptYeF9TEFpaIAlYK1habQMmjY9ioztxNFQy66sQxb3sFhW9v8AChsplN5C/MEbbXsU2EP89fAcwDg6gZil39OZZvNeX8IMEAAAA=[0m[Pipeline] stage
[8mha:////4BjLLQBNKhlm/NysmA+mQ9aVrCSIOTRGrHkrvYltL2o1AAAApx+LCAAAAAAAAP9tjTEOwjAUQ3+LOrAycoh0YAEhpq5RFk4QmhDSRv+Xn5R24kRcjTvQUokJD5ZtyXqvNxSR4UTsRGOx9RhrL7rQuymJgbi9BhpEQxdRE0YKVig7KDK2WqqiZGFRlsNKwtpiHSh6dAk2stEPXQaNrjwnnrajhNybOzwhkxM5aU7fMjJsb72JhD/OXwCMXYJ8t5/tMD+LD59NhPHCAAAA[0m[Pipeline] { (Declarative: Post Actions)
[8mha:////4GDjMXTNRu7KwmZXlBngQ4XTMUEwiRWuaoMjzKCvRRVqAAAApR+LCAAAAAAAAP9tjTEOwjAQBC9BFLSUPOKCBA1CqWgtN7zAJMY4se6C7eBUvIiv8QcsIlGxxWpnm3m9YRk81OwNdpp6S6GxOLjR5IWJfX91nLDjCzZMgZ1GqZPkVp9mlBw1zClKWAhYaWocB0smwlp06qEqp8hU5+jzdxRQ2vYOTyhENkfl4xcmD5vb2Aamn+evAKYhQrk75Npvhw/W61xwvgAAAA==[0m[Pipeline] echo
Yocto build pipeline finished.
[8mha:////4B+8WkUkpWc7U4EgMF/EATyP45oojBpMq1MLMX6SOyGtAAAApR+LCAAAAAAAAP9tjTEOwjAQBC9BFLSUPOIiBA1CqWgtN7zAJMY4se6C7eBUvIiv8QcsIlGxxWpnm3m9YRk81OwNdpp6S6GxOLjR5IWJfX91nLDjCzZMgZ1GqZPkVp9mlBw1zClKWAhYaWocB0smwlp06qEqp8hU5+jzdxRQ2vYOTyhENkfl4xcmD5vb2Aamn+evAKYhQrk75Npvhw+X2kdpvgAAAA==[0m[Pipeline] cleanWs
[WS-CLEANUP] Deleting project workspace...
[WS-CLEANUP] Deferred wipeout is used...
[WS-CLEANUP] done
[8mha:////4KuUhsm+nSWFo5/ktdHopGLwzNzYvRUN+/SfpDacuH6KAAAApR+LCAAAAAAAAP9tjTEOwjAQBC9BFLSUPOIiAQ1CqWgtN7zAJMY4se6C7eBUvIiv8QcsIlGxxWpnm3m9YRk81OwNdpp6S6GxOLjR5IWJfX91nLDjCzZMgZ1GqZPkVp9mlBw1zClKWAhYaWocB0smwlp06qEqp8hU5+jzdxRQ2vYOTyhENkfl4xcmD5vb2Aamn+evAKYhQrk75Npvhw9UiWpCvgAAAA==[0m[Pipeline] echo
Yocto image build FAILED!
[8mha:////4IS/OStdwhthe+xz5A+tDoBQ03wUoVzsaOxJoGmEcSZxAAAApR+LCAAAAAAAAP9tjTEOwjAQBC9BFLSUPOJShAYhqrRWGl5gYmOcWHfGdkgqXsTX+AMWkajYYrWzzbzesI4BThwM9poGS7Gz6N1o8sKJw3B1PGHPF+yYIjuNrZ5aVrpZsOWkYUlRwkrARlPnOFoyCbailw9ZOUmmOqeQv6OA0qo7PKEQ2ZxkSF+YA+xuo4pMP89fAczeJyj3da768AGWIKyJvgAAAA==[0m[Pipeline] }
[8mha:////4LWAjzFEfLt+KHb7QVCXEliu36DcRhA7x2AIqDUcWYVJAAAApR+LCAAAAAAAAP9tjTEOwjAQBC9BFLSUPMIpSIGEqNJaaXiBiQ/jxLoztkNS8SK+xh+wiETFFqudbeb1hnUMcOJgRI80WIqdFd6NJi8xcRiujifR80V0TJEdihanljU2C7acEJYUJawkbJA6x9GSSbCVvXqoyiky1TmF/B0llFbf4QmFzOakQvrCHGB3G3Vk+nn+CmD2PkFZ17n2hw+4IK7jvgAAAA==[0m[Pipeline] // stage
[8mha:////4Kfg8FxoWA02ek7upcM1xsZatZaJ50A+ZYpP9eZXMWq0AAAApB+LCAAAAAAAAP9tjTEOwjAQBDdBFLSUPMJpQEJCVLRWGl5gEmOcWHfBvpBUvIiv8QciIlGx1c4083pjmSKOHJ1qLLWeUuVVF3o3PTVwbK+BB9XwRVVMiYNVpR1Kru1pxpLFYl6WY6GxslQFTp6cYK0b8zBFMOSKs8TJHTRyX9/xRKanspgoXxgjNre+Tky/zt8Axq4T5NudINt/AG153kO9AAAA[0m[Pipeline] }
[8mha:////4I8oKWp3QTvdU0w3m/7A4dbYwpPTwfHKkEg7A0WNkSi2AAAAox+LCAAAAAAAAP9tjTEOwjAQBDdBFLSUPMJpEBSIitZKwwtMYowT6y7YF5KKF/E1/kBEJCq22plmXm8sU8SRo1ONpdZTqrzqQu+mpwaO7TXwoBq+qIopcbCqtEPJtT3NWLJYzMtyLDRWlqrAyZMTrHVjHqYIhlxxlji5g0bu6zueyPRUFhPlC2PE5tbXienX+RvA2HWCfLsTZPsPLB7BlL0AAAA=[0m[Pipeline] // timeout
[8mha:////4KIQaWIM5iWtzd5GF/vXb6LRoMlqfilMbqkWtvDYpP6IAAAAox+LCAAAAAAAAP9tjTEOwjAQBDdBFLSUPMJpEBSIitZKwwtMYowT6y7YF5KKF/E1/kBEJCq22plmXm8sU8SRo1ONpdZTqrzqQu+mpwaO7TXwoBq+qIopcbCqtEPJtT3NWLJYzMtyLDRWlqrAyZMTrHVjHqYIhlxxlji5g0bu6zueyPRUFhPlC2PE5tbXienX+RvA2HWCfLsXZLsPCgem3r0AAAA=[0m[Pipeline] }
[8mha:////4HhIQ5GpGVjY7ESjCbYbyL6L5jIDr4HtCoedJ0w/X8j8AAAApB+LCAAAAAAAAP9tjTEOwjAQBDdBFLSUPMJpQEJCVLRWGl5gEmOcWHfBvpBUvIiv8QciIlGx1c4083pjmSKOHJ1qLLWeUuVVF3o3PTVwbK+BB9XwRVVMiYNVpR1Kru1pxpLFYl6WY6GxslQFTp6cYK0b8zBFMOSKs8TJHTRyX9/xRKanspgoXxgjNre+Tky/zt8Axq4T5Nu9INt9AGHB/8W9AAAA[0m[Pipeline] // withEnv
[8mha:////4JqH/zQwnpLPi1z94A8DxGBGoMifpnur0rlnpQsGNpDmAAAAox+LCAAAAAAAAP9tjTESgjAQRT84FraWHiI0NI5jZZuh8QQRYgxkdjFZhMoTeTXvICMzVv7qv9e81xvrFHHk6FRrqfOUaq/6MLj5qZFjdw08qpYvqmZKHKyq7FhxY08LViwWy7IcK42NpTpw8uQEW92ahymCIVecJc7uoJH75o4nMj2XxUT5whSxuw1NYvp1/gYw9b0gL/eCrPwAR9iYj70AAAA=[0m[Pipeline] }
[8mha:////4MPGUXt2lzAFhkqZIw0r1WP4BPs47qCXHuPo84gfUJh/AAAAox+LCAAAAAAAAP9tjTEOwjAQBDdBFLSUPMJBQlSIitZKwwtMYowT6y7YF5KKF/E1/kBEJCq22plmXm8sU8SRo1ONpdZTqrzqQu+mpwaO7TXwoBq+qIopcbCqtEPJtT3NWLJYzMtyLDRWlqrAyZMTrHVjHqYIhlxxlji5g0bu6zueyPRUFhPlC2PE5tbXienX+RvA2HWCfL8VZLsPMPyw170AAAA=[0m[Pipeline] // node
[8mha:////4F9BOXBFhWwKGk/xAi0nyckV/LhtdLfnI6a5OJwKpcZ6AAAAox+LCAAAAAAAAP9tjTEOwjAQBDdBFLSUPMIRSFSIitZKwwtMYowT6y7YF5KKF/E1/kBEJCq22plmXm8sU8SRo1ONpdZTqrzqQu+mpwaO7TXwoBq+qIopcbCqtEPJtT3NWLJYzMtyLDRWlqrAyZMTrHVjHqYIhlxxlji5g0bu6zueyPRUFhPlC2PE5tbXienX+RvA2HWCfL8VZLsPFuXXnb0AAAA=[0m[Pipeline] End of Pipeline
Also:   hudson.remoting.ProxyException: org.jenkinsci.plugins.workflow.actions.ErrorAction$ErrorId: 229a58db-fd5b-4de9-a073-20c1ad805d2e
hudson.remoting.ProxyException: java.nio.file.AccessDeniedException: /yocto-builds/poky/.git/config.lock
	at java.base/sun.nio.fs.UnixException.translateToIOException(UnixException.java:90)
	at java.base/sun.nio.fs.UnixException.rethrowAsIOException(UnixException.java:106)
	at java.base/sun.nio.fs.UnixException.rethrowAsIOException(UnixException.java:111)
	at java.base/sun.nio.fs.UnixFileSystemProvider.newByteChannel(UnixFileSystemProvider.java:261)
	at java.base/java.nio.file.Files.newByteChannel(Files.java:380)
	at java.base/java.nio.file.Files.createFile(Files.java:658)
	at PluginClassLoader for git-client//org.eclipse.jgit.util.FS_POSIX.createNewFileAtomic(FS_POSIX.java:375)
	at PluginClassLoader for git-client//org.eclipse.jgit.internal.storage.file.LockFile.createLockFile(LockFile.java:173)
	at PluginClassLoader for git-client//org.eclipse.jgit.internal.storage.file.LockFile.createLockFileWithRetry(LockFile.java:165)
	at PluginClassLoader for git-client//org.eclipse.jgit.internal.storage.file.LockFile.lock(LockFile.java:146)
	at PluginClassLoader for git-client//org.eclipse.jgit.storage.file.FileBasedConfig.save(FileBasedConfig.java:201)
	at PluginClassLoader for git//jenkins.plugins.git.DisableHooks.invoke(DisableHooks.java:27)
	at PluginClassLoader for git-client//org.jenkinsci.plugins.gitclient.AbstractGitAPIImpl.withRepository(AbstractGitAPIImpl.java:31)
	at PluginClassLoader for git-client//org.jenkinsci.plugins.gitclient.CliGitAPIImpl.withRepository(CliGitAPIImpl.java:86)
	at PluginClassLoader for git//jenkins.plugins.git.GitHooksConfiguration.configure(GitHooksConfiguration.java:104)
	at PluginClassLoader for git//jenkins.plugins.git.GitHooksConfiguration.configure(GitHooksConfiguration.java:91)
	at PluginClassLoader for git//jenkins.plugins.git.GitHooksConfiguration.configure(GitHooksConfiguration.java:83)
	at PluginClassLoader for git//hudson.plugins.git.GitSCM.retrieveChanges(GitSCM.java:1232)
	at PluginClassLoader for git//hudson.plugins.git.GitSCM._checkout(GitSCM.java:1311)
	at PluginClassLoader for git//hudson.plugins.git.GitSCM.checkout(GitSCM.java:1278)
	at PluginClassLoader for workflow-scm-step//org.jenkinsci.plugins.workflow.steps.scm.SCMStep.checkout(SCMStep.java:136)
	at PluginClassLoader for workflow-scm-step//org.jenkinsci.plugins.workflow.steps.scm.SCMStep$StepExecutionImpl.run(SCMStep.java:101)
	at PluginClassLoader for workflow-scm-step//org.jenkinsci.plugins.workflow.steps.scm.SCMStep$StepExecutionImpl.run(SCMStep.java:88)
	at PluginClassLoader for workflow-step-api//org.jenkinsci.plugins.workflow.steps.SynchronousNonBlockingStepExecution.lambda$start$0(SynchronousNonBlockingStepExecution.java:49)
	at java.base/java.util.concurrent.Executors$RunnableAdapter.call(Executors.java:572)
	at java.base/java.util.concurrent.FutureTask.run(FutureTask.java:317)
	at java.base/java.util.concurrent.ThreadPoolExecutor.runWorker(ThreadPoolExecutor.java:1144)
	at java.base/java.util.concurrent.ThreadPoolExecutor$Worker.run(ThreadPoolExecutor.java:642)
	at java.base/java.lang.Thread.run(Thread.java:1583)
Finished: FAILURE
